<?xml version="1.0" encoding="UTF-8"?>
<testng-results skipped="0" failed="0" ignored="0" total="1" passed="1">
  <reporter-output>
  </reporter-output>
  <suite name="Surefire suite" duration-ms="299055" started-at="2021-10-22T13:14:34Z" finished-at="2021-10-22T13:19:33Z">
    <groups>
      <group name="cucumber">
        <method signature="AbstractTestNGCucumberTests.feature(cucumber.api.testng.CucumberFeatureWrapper)[pri:0, instance:testRunner.TestRunner@2ef9b8bc]" name="feature" class="cucumber.api.testng.AbstractTestNGCucumberTests"/>
      </group> <!-- cucumber -->
    </groups>
    <test name="Surefire test" duration-ms="299055" started-at="2021-10-22T13:14:34Z" finished-at="2021-10-22T13:19:33Z">
      <class name="testRunner.TestRunner">
        <test-method status="PASS" signature="setUpClass()[pri:0, instance:testRunner.TestRunner@2ef9b8bc]" name="setUpClass" is-config="true" duration-ms="241" started-at="2021-10-22T13:14:34Z" finished-at="2021-10-22T13:14:35Z">
          <reporter-output>
          </reporter-output>
        </test-method> <!-- setUpClass -->
        <test-method status="PASS" signature="feature(cucumber.api.testng.CucumberFeatureWrapper)[pri:0, instance:testRunner.TestRunner@2ef9b8bc]" name="feature" duration-ms="298671" started-at="2021-10-22T13:14:35Z" description="Runs Cucumber Feature" data-provider="features" finished-at="2021-10-22T13:19:33Z">
          <params>
            <param index="0">
              <value>
                <![CDATA[NHS Costs checker End to End journey]]>
              </value>
            </param>
          </params>
          <reporter-output>
          </reporter-output>
        </test-method> <!-- feature -->
        <test-method status="PASS" signature="tearDownClass()[pri:0, instance:testRunner.TestRunner@2ef9b8bc]" name="tearDownClass" is-config="true" duration-ms="37" started-at="2021-10-22T13:19:33Z" finished-at="2021-10-22T13:19:33Z">
          <reporter-output>
          </reporter-output>
        </test-method> <!-- tearDownClass -->
      </class> <!-- testRunner.TestRunner -->
    </test> <!-- Surefire test -->
  </suite> <!-- Surefire suite -->
</testng-results>
